<?xml version="1.0" encoding="UTF-8"?>
<testsuite xmlns:xsi="http://www.w3.org/2001/XMLSchema-instance" xsi:noNamespaceSchemaLocation="https://maven.apache.org/surefire/maven-surefire-plugin/xsd/surefire-test-report-3.0.xsd" version="3.0" name="com.GoGym.content_GoGym.ContentGoGymApplicationTests" time="11.63" tests="1" errors="0" skipped="0" failures="0">
  <properties>
[...]
</properties>
  <testcase name="contextLoads" classname="com.GoGym.content_GoGym.ContentGoGymApplicationTests" time="0.771">
    <system-out><![CDATA[02:14:20.060 [main] INFO org.springframework.test.context.support.AnnotationConfigContextLoaderUtils -- Could not detect default configuration classes for test class [com.GoGym.content_GoGym.ContentGoGymApplicationTests]: ContentGoGymApplicationTests does not declare any static, non-private, non-final, nested classes annotated with @Configuration.
02:14:20.221 [main] INFO org.springframework.boot.test.context.SpringBootTestContextBootstrapper -- Found @SpringBootConfiguration com.GoGym.ContentGoGymApplication for test class com.GoGym.content_GoGym.ContentGoGymApplicationTests

  .   ____          _            __ _ _
 /\\ / ___'_ __ _ _(_)_ __  __ _ \ \ \ \
( ( )\___ | '_ | '_| | '_ \/ _` | \ \ \ \
 \\/  ___)| |_)| | | | | || (_| |  ) ) ) )
  '  |____| .__|_| |_|_| |_\__, | / / / /
 =========|_|==============|___/=/_/_/_/

 :: Spring Boot ::                (v3.3.1)

2025-03-17T02:14:20.911+01:00  INFO 5888 --- [content-GoGym] [           main] c.G.c.ContentGoGymApplicationTests       : Starting ContentGoGymApplicationTests using Java 17.0.9 with PID 5888 (started by No_FeaR in D:\InteliJ_Proj\GoGymProject)
2025-03-17T02:14:20.913+01:00  INFO 5888 --- [content-GoGym] [           main] c.G.c.ContentGoGymApplicationTests       : No active profile set, falling back to 1 default profile: "default"
2025-03-17T02:14:22.318+01:00  INFO 5888 --- [content-GoGym] [           main] .s.d.r.c.RepositoryConfigurationDelegate : Bootstrapping Spring Data JPA repositories in DEFAULT mode.
2025-03-17T02:14:22.501+01:00  INFO 5888 --- [content-GoGym] [           main] .s.d.r.c.RepositoryConfigurationDelegate : Finished Spring Data repository scanning in 171 ms. Found 21 JPA repository interfaces.
2025-03-17T02:14:23.388+01:00  INFO 5888 --- [content-GoGym] [           main] com.zaxxer.hikari.HikariDataSource       : HikariPool-1 - Starting...
2025-03-17T02:14:23.633+01:00  INFO 5888 --- [content-GoGym] [           main] com.zaxxer.hikari.pool.HikariPool        : HikariPool-1 - Added connection com.mysql.cj.jdbc.ConnectionImpl@5fef0c19
2025-03-17T02:14:23.636+01:00  INFO 5888 --- [content-GoGym] [           main] com.zaxxer.hikari.HikariDataSource       : HikariPool-1 - Start completed.
2025-03-17T02:14:23.703+01:00  INFO 5888 --- [content-GoGym] [           main] o.hibernate.jpa.internal.util.LogHelper  : HHH000204: Processing PersistenceUnitInfo [name: default]
2025-03-17T02:14:23.842+01:00  INFO 5888 --- [content-GoGym] [           main] org.hibernate.Version                    : HHH000412: Hibernate ORM core version 6.5.2.Final
2025-03-17T02:14:23.982+01:00  INFO 5888 --- [content-GoGym] [           main] o.h.c.internal.RegionFactoryInitiator    : HHH000026: Second-level cache disabled
2025-03-17T02:14:24.928+01:00  INFO 5888 --- [content-GoGym] [           main] o.s.o.j.p.SpringPersistenceUnitInfo      : No LoadTimeWeaver setup: ignoring JPA class transformer
2025-03-17T02:14:25.059+01:00  WARN 5888 --- [content-GoGym] [           main] org.hibernate.dialect.Dialect            : HHH000511: The 5.5.5 version for [org.hibernate.dialect.MySQLDialect] is no longer supported, hence certain features may not work properly. The minimum supported version is 8.0.0. Check the community dialects project for available legacy versions.
2025-03-17T02:14:26.735+01:00  INFO 5888 --- [content-GoGym] [           main] o.h.e.t.j.p.i.JtaPlatformInitiator       : HHH000489: No JTA platform available (set 'hibernate.transaction.jta.platform' to enable JTA platform integration)
2025-03-17T02:14:26.740+01:00  INFO 5888 --- [content-GoGym] [           main] j.LocalContainerEntityManagerFactoryBean : Initialized JPA EntityManagerFactory for persistence unit 'default'
✅ Wszystkie czaty administratora zostały utworzone: 0 nowych rozmów.
2025-03-17T02:14:27.922+01:00  INFO 5888 --- [content-GoGym] [           main] o.s.d.j.r.query.QueryEnhancerFactory     : Hibernate is in classpath; If applicable, HQL parser will be used.
2025-03-17T02:14:29.557+01:00  WARN 5888 --- [content-GoGym] [           main] JpaBaseConfiguration$JpaWebConfiguration : spring.jpa.open-in-view is enabled by default. Therefore, database queries may be performed during view rendering. Explicitly configure spring.jpa.open-in-view to disable this warning
2025-03-17T02:14:29.680+01:00  INFO 5888 --- [content-GoGym] [           main] r$InitializeUserDetailsManagerConfigurer : Global AuthenticationManager configured with UserDetailsService bean with name customUserDetailsService
2025-03-17T02:14:30.621+01:00  INFO 5888 --- [content-GoGym] [           main] o.s.m.s.b.SimpleBrokerMessageHandler     : Starting...
2025-03-17T02:14:30.623+01:00  INFO 5888 --- [content-GoGym] [           main] o.s.m.s.b.SimpleBrokerMessageHandler     : BrokerAvailabilityEvent[available=true, SimpleBrokerMessageHandler [org.springframework.messaging.simp.broker.DefaultSubscriptionRegistry@1145eb60]]
2025-03-17T02:14:30.624+01:00  INFO 5888 --- [content-GoGym] [           main] o.s.m.s.b.SimpleBrokerMessageHandler     : Started.
2025-03-17T02:14:30.640+01:00  INFO 5888 --- [content-GoGym] [           main] c.G.c.ContentGoGymApplicationTests       : Started ContentGoGymApplicationTests in 10.162 seconds (process running for 11.676)
]]></system-out>
  </testcase>
</testsuite>